[INFO ] 2024-02-15 11:46:32.480 [main] CloseStep - Setup1 executed........
[INFO ] 2024-02-15 11:46:32.565 [main] CloseStep - User lauched Chrome browser........
[INFO ] 2024-02-15 11:46:34.339 [main] CloseStep - URL Opened........
[INFO ] 2024-02-15 11:46:34.841 [main] CloseStep - Entered Email and Password........
[INFO ] 2024-02-15 11:46:38.309 [main] CloseStep - Clicked on login button........
[INFO ] 2024-02-15 11:46:39.896 [main] CloseStep - Test passed - User can view dashboard : Page Title matched......
[INFO ] 2024-02-15 11:46:45.065 [main] CloseStep - Clicked on customer menu....
[INFO ] 2024-02-15 11:46:47.211 [main] CloseStep - Clicked on customer menu item....
[INFO ] 2024-02-15 11:46:48.240 [main] CloseStep - Clicked on add new button....
[INFO ] 2024-02-15 11:46:48.282 [main] CloseStep - Test passed - User can view and add new customer : Page Title matched......
[INFO ] 2024-02-15 11:46:55.589 [main] CloseStep - Entered Customer info....
[INFO ] 2024-02-15 11:46:56.690 [main] CloseStep - Clicked on save button....
[INFO ] 2024-02-15 11:46:57.500 [main] CloseStep - Test passed - User can view confirmation message : Confimation msg matched......
[INFO ] 2024-02-15 11:46:57.763 [main] CloseStep - Closed browser window......
[INFO ] 2024-02-15 11:46:59.312 [main] CloseStep - Setup1 executed........
[INFO ] 2024-02-15 11:46:59.316 [main] CloseStep - User lauched Chrome browser........
[INFO ] 2024-02-15 11:47:00.181 [main] CloseStep - URL Opened........
[INFO ] 2024-02-15 11:47:00.598 [main] CloseStep - Entered Email and Password........
[INFO ] 2024-02-15 11:47:11.533 [main] CloseStep - Clicked on login button........
[INFO ] 2024-02-15 11:47:13.108 [main] CloseStep - Test passed - Login Feature : Page Title matched......
[INFO ] 2024-02-15 11:47:14.913 [main] CloseStep - Clicked on Log out button.....
[INFO ] 2024-02-15 11:47:14.966 [main] CloseStep - Test passed - Login Feature : Page Title matched......
[INFO ] 2024-02-15 11:47:15.213 [main] CloseStep - Closed browser window......
[INFO ] 2024-02-15 12:10:28.202 [main] CloseStep - Setup1 executed........
[INFO ] 2024-02-15 12:10:28.338 [main] CloseStep - User lauched Chrome browser........
[INFO ] 2024-02-15 12:10:30.138 [main] CloseStep - URL Opened........
[INFO ] 2024-02-15 12:10:30.907 [main] CloseStep - Entered Email and Password........
[INFO ] 2024-02-15 12:10:32.983 [main] CloseStep - Clicked on login button........
[INFO ] 2024-02-15 12:10:33.019 [main] CloseStep - Test passed - User can view dashboard : Page Title matched......
[INFO ] 2024-02-15 12:10:41.923 [main] CloseStep - Clicked on customer menu....
[INFO ] 2024-02-15 12:10:43.206 [main] CloseStep - Clicked on customer menu item....
[INFO ] 2024-02-15 12:10:45.263 [main] CloseStep - Clicked on add new button....
[INFO ] 2024-02-15 12:10:45.279 [main] CloseStep - Test passed - User can view and add new customer : Page Title matched......
[INFO ] 2024-02-15 12:10:53.749 [main] CloseStep - Entered Customer info....
[INFO ] 2024-02-15 12:10:55.155 [main] CloseStep - Clicked on save button....
[INFO ] 2024-02-15 12:10:56.072 [main] CloseStep - Test passed - User can view confirmation message : Confimation msg matched......
[INFO ] 2024-02-15 12:10:56.486 [main] CloseStep - Closed browser window......
[INFO ] 2024-02-15 12:10:58.736 [main] CloseStep - Setup1 executed........
[INFO ] 2024-02-15 12:10:58.750 [main] CloseStep - User lauched Chrome browser........
[INFO ] 2024-02-15 12:11:01.690 [main] CloseStep - URL Opened........
[INFO ] 2024-02-15 12:11:02.413 [main] CloseStep - Entered Email and Password........
[INFO ] 2024-02-15 12:11:05.796 [main] CloseStep - Clicked on login button........
[INFO ] 2024-02-15 12:11:07.778 [main] CloseStep - Test passed - Login Feature : Page Title matched......
[INFO ] 2024-02-15 12:11:12.940 [main] CloseStep - Clicked on Log out button.....
[INFO ] 2024-02-15 12:11:13.044 [main] CloseStep - Test passed - Login Feature : Page Title matched......
[INFO ] 2024-02-15 12:11:13.774 [main] CloseStep - Closed browser window......
[INFO ] 2024-02-15 12:13:07.574 [main] CloseStep - Setup1 executed........
[INFO ] 2024-02-15 12:13:07.706 [main] CloseStep - User lauched Chrome browser........
[INFO ] 2024-02-15 12:13:09.566 [main] CloseStep - URL Opened........
[INFO ] 2024-02-15 12:13:10.487 [main] CloseStep - Entered Email and Password........
[INFO ] 2024-02-15 12:13:15.098 [main] CloseStep - Clicked on login button........
[INFO ] 2024-02-15 12:13:16.719 [main] CloseStep - Test passed - User can view dashboard : Page Title matched......
[INFO ] 2024-02-15 12:13:21.901 [main] CloseStep - Clicked on customer menu....
[INFO ] 2024-02-15 12:13:23.186 [main] CloseStep - Clicked on customer menu item....
[INFO ] 2024-02-15 12:13:25.212 [main] CloseStep - Clicked on add new button....
[INFO ] 2024-02-15 12:13:25.252 [main] CloseStep - Test passed - User can view and add new customer : Page Title matched......
[INFO ] 2024-02-15 12:13:34.358 [main] CloseStep - Entered Customer info....
[INFO ] 2024-02-15 12:13:35.628 [main] CloseStep - Clicked on save button....
[INFO ] 2024-02-15 12:13:36.618 [main] CloseStep - Test passed - User can view confirmation message : Confimation msg matched......
[INFO ] 2024-02-15 12:13:37.122 [main] CloseStep - Closed browser window......
[INFO ] 2024-02-15 12:13:39.085 [main] CloseStep - Setup1 executed........
[INFO ] 2024-02-15 12:13:39.090 [main] CloseStep - User lauched Chrome browser........
[INFO ] 2024-02-15 12:13:40.832 [main] CloseStep - URL Opened........
[INFO ] 2024-02-15 12:13:41.662 [main] CloseStep - Entered Email and Password........
[INFO ] 2024-02-15 12:13:43.857 [main] CloseStep - Clicked on login button........
[INFO ] 2024-02-15 12:13:43.881 [main] CloseStep - Test passed - Login Feature : Page Title matched......
[INFO ] 2024-02-15 12:13:48.655 [main] CloseStep - Clicked on Log out button.....
[INFO ] 2024-02-15 12:13:48.745 [main] CloseStep - Test passed - Login Feature : Page Title matched......
[INFO ] 2024-02-15 12:13:49.065 [main] CloseStep - Closed browser window......
[INFO ] 2024-02-15 12:41:23.157 [main] CloseStep - Setup1 executed........
[INFO ] 2024-02-15 12:41:23.296 [main] CloseStep - User lauched Chrome browser........
[INFO ] 2024-02-15 12:41:24.904 [main] CloseStep - URL Opened........
[INFO ] 2024-02-15 12:41:25.677 [main] CloseStep - Entered Email and Password........
[INFO ] 2024-02-15 12:41:28.083 [main] CloseStep - Clicked on login button........
[INFO ] 2024-02-15 12:41:29.613 [main] CloseStep - Test passed - User can view dashboard : Page Title matched......
[INFO ] 2024-02-15 12:41:34.868 [main] CloseStep - Clicked on customer menu....
[INFO ] 2024-02-15 12:41:36.327 [main] CloseStep - Clicked on customer menu item....
[INFO ] 2024-02-15 12:41:38.193 [main] CloseStep - Clicked on add new button....
[INFO ] 2024-02-15 12:41:38.243 [main] CloseStep - Test passed - User can view and add new customer : Page Title matched......
[INFO ] 2024-02-15 12:41:47.029 [main] CloseStep - Entered Customer info....
[INFO ] 2024-02-15 12:41:48.297 [main] CloseStep - Clicked on save button....
[INFO ] 2024-02-15 12:41:50.289 [main] CloseStep - Test passed - User can view confirmation message : Confimation msg matched......
[INFO ] 2024-02-15 12:41:50.531 [main] CloseStep - Closed browser window......
[INFO ] 2024-02-15 12:41:52.875 [main] CloseStep - Setup1 executed........
[INFO ] 2024-02-15 12:41:52.886 [main] CloseStep - User lauched Chrome browser........
[INFO ] 2024-02-15 12:41:54.624 [main] CloseStep - URL Opened........
[INFO ] 2024-02-15 12:41:55.348 [main] CloseStep - Entered Email and Password........
[INFO ] 2024-02-15 12:41:59.153 [main] CloseStep - Clicked on login button........
[INFO ] 2024-02-15 12:42:00.544 [main] CloseStep - Test passed - Login Feature : Page Title matched......
[INFO ] 2024-02-15 12:42:02.083 [main] CloseStep - Clicked on Log out button.....
[INFO ] 2024-02-15 12:42:02.193 [main] CloseStep - Test passed - Login Feature : Page Title matched......
[INFO ] 2024-02-15 12:42:02.475 [main] CloseStep - Closed browser window......
[INFO ] 2024-02-15 13:35:35.435 [main] CloseStep - Setup1 executed........
[INFO ] 2024-02-15 13:35:35.544 [main] CloseStep - User lauched Chrome browser........
[INFO ] 2024-02-15 13:35:37.216 [main] CloseStep - URL Opened........
[INFO ] 2024-02-15 13:35:37.722 [main] CloseStep - Entered Email and Password........
[INFO ] 2024-02-15 13:35:43.088 [main] CloseStep - Clicked on login button........
[INFO ] 2024-02-15 13:35:44.704 [main] CloseStep - Test passed - User can view dashboard : Page Title matched......
[INFO ] 2024-02-15 13:35:49.899 [main] CloseStep - Clicked on customer menu....
[INFO ] 2024-02-15 13:35:50.921 [main] CloseStep - Clicked on customer menu item....
[INFO ] 2024-02-15 13:35:52.849 [main] CloseStep - Clicked on add new button....
[INFO ] 2024-02-15 13:35:52.878 [main] CloseStep - Test passed - User can view and add new customer : Page Title matched......
[INFO ] 2024-02-15 13:36:01.299 [main] CloseStep - Entered Customer info....
[INFO ] 2024-02-15 13:36:02.534 [main] CloseStep - Clicked on save button....
[INFO ] 2024-02-15 13:36:03.769 [main] CloseStep - Test passed - User can view confirmation message : Confimation msg matched......
[INFO ] 2024-02-15 13:36:03.974 [main] CloseStep - Closed browser window......
[INFO ] 2024-02-15 13:36:06.249 [main] CloseStep - Setup1 executed........
[INFO ] 2024-02-15 13:36:06.253 [main] CloseStep - User lauched Chrome browser........
[INFO ] 2024-02-15 13:36:07.666 [main] CloseStep - URL Opened........
[INFO ] 2024-02-15 13:36:08.431 [main] CloseStep - Entered Email and Password........
[INFO ] 2024-02-15 13:36:12.365 [main] CloseStep - Clicked on login button........
[INFO ] 2024-02-15 13:36:13.320 [main] CloseStep - Test passed - Login Feature : Page Title matched......
[INFO ] 2024-02-15 13:36:15.119 [main] CloseStep - Clicked on Log out button.....
[INFO ] 2024-02-15 13:36:15.205 [main] CloseStep - Test passed - Login Feature : Page Title matched......
[INFO ] 2024-02-15 13:36:15.401 [main] CloseStep - Closed browser window......
[INFO ] 2024-02-15 13:38:44.903 [main] CloseStep - Setup1 executed........
[INFO ] 2024-02-15 13:38:45.000 [main] CloseStep - User lauched Chrome browser........
[INFO ] 2024-02-15 13:38:49.087 [main] CloseStep - URL Opened........
[INFO ] 2024-02-15 13:38:49.848 [main] CloseStep - Entered Email and Password........
[INFO ] 2024-02-15 13:38:53.225 [main] CloseStep - Clicked on login button........
[INFO ] 2024-02-15 13:38:54.713 [main] CloseStep - Test passed - User can view dashboard : Page Title matched......
[INFO ] 2024-02-15 13:38:59.957 [main] CloseStep - Clicked on customer menu....
[INFO ] 2024-02-15 13:39:01.968 [main] CloseStep - Clicked on customer menu item....
[INFO ] 2024-02-15 13:39:03.791 [main] CloseStep - Clicked on add new button....
[INFO ] 2024-02-15 13:39:03.816 [main] CloseStep - Test passed - User can view and add new customer : Page Title matched......
[INFO ] 2024-02-15 13:39:12.268 [main] CloseStep - Entered Customer info....
[INFO ] 2024-02-15 13:39:13.454 [main] CloseStep - Clicked on save button....
[INFO ] 2024-02-15 13:39:14.368 [main] CloseStep - Test passed - User can view confirmation message : Confimation msg matched......
[INFO ] 2024-02-15 13:39:14.568 [main] CloseStep - Closed browser window......
[INFO ] 2024-02-15 13:39:16.720 [main] CloseStep - Setup1 executed........
[INFO ] 2024-02-15 13:39:16.727 [main] CloseStep - User lauched Chrome browser........
[INFO ] 2024-02-15 13:39:18.401 [main] CloseStep - URL Opened........
[INFO ] 2024-02-15 13:39:18.966 [main] CloseStep - Entered Email and Password........
[INFO ] 2024-02-15 13:39:22.405 [main] CloseStep - Clicked on login button........
[INFO ] 2024-02-15 13:39:24.248 [main] CloseStep - Test passed - Login Feature : Page Title matched......
[INFO ] 2024-02-15 13:39:26.194 [main] CloseStep - Clicked on Log out button.....
[INFO ] 2024-02-15 13:39:26.256 [main] CloseStep - Test passed - Login Feature : Page Title matched......
[INFO ] 2024-02-15 13:39:26.418 [main] CloseStep - Closed browser window......
[INFO ] 2024-02-15 13:41:26.288 [main] CloseStep - Setup1 executed........
[INFO ] 2024-02-15 13:41:26.384 [main] CloseStep - User lauched Chrome browser........
[INFO ] 2024-02-15 13:41:27.243 [main] CloseStep - URL Opened........
[INFO ] 2024-02-15 13:41:27.968 [main] CloseStep - Entered Email and Password........
[INFO ] 2024-02-15 13:41:30.401 [main] CloseStep - Setup1 executed........
[INFO ] 2024-02-15 13:41:30.415 [main] CloseStep - User lauched Chrome browser........
[INFO ] 2024-02-15 13:41:32.420 [main] CloseStep - URL Opened........
[INFO ] 2024-02-15 13:41:33.120 [main] CloseStep - Entered Email and Password........
[INFO ] 2024-02-15 13:54:19.629 [main] CloseStep - Setup1 executed........
[INFO ] 2024-02-15 13:54:19.775 [main] CloseStep - User lauched Chrome browser........
[INFO ] 2024-02-15 13:54:20.797 [main] CloseStep - URL Opened........
[INFO ] 2024-02-15 13:54:21.955 [main] CloseStep - Entered Email and Password........
[INFO ] 2024-02-15 13:54:27.369 [main] CloseStep - Clicked on login button........
[INFO ] 2024-02-15 13:54:29.770 [main] CloseStep - Test passed - User can view dashboard : Page Title matched......
[INFO ] 2024-02-15 13:54:35.125 [main] CloseStep - Clicked on customer menu....
[INFO ] 2024-02-15 13:54:39.292 [main] CloseStep - Clicked on customer menu item....
[INFO ] 2024-02-15 13:54:40.141 [main] CloseStep - Clicked on add new button....
[INFO ] 2024-02-15 13:54:40.188 [main] CloseStep - Test passed - User can view and add new customer : Page Title matched......
[INFO ] 2024-02-15 13:54:48.420 [main] CloseStep - Entered Customer info....
[INFO ] 2024-02-15 13:54:49.674 [main] CloseStep - Clicked on save button....
[INFO ] 2024-02-15 13:54:50.771 [main] CloseStep - Test passed - User can view confirmation message : Confimation msg matched......
[INFO ] 2024-02-15 13:54:51.000 [main] CloseStep - Closed browser window......
[INFO ] 2024-02-15 13:54:53.505 [main] CloseStep - Setup1 executed........
[INFO ] 2024-02-15 13:54:53.510 [main] CloseStep - User lauched Chrome browser........
[INFO ] 2024-02-15 13:54:54.359 [main] CloseStep - URL Opened........
[INFO ] 2024-02-15 13:54:55.010 [main] CloseStep - Entered Email and Password........
[INFO ] 2024-02-15 13:54:58.487 [main] CloseStep - Clicked on login button........
[INFO ] 2024-02-15 13:54:59.416 [main] CloseStep - Test passed - Login Feature : Page Title matched......
[INFO ] 2024-02-15 13:55:01.258 [main] CloseStep - Clicked on Log out button.....
[INFO ] 2024-02-15 13:55:01.387 [main] CloseStep - Test passed - Login Feature : Page Title matched......
[INFO ] 2024-02-15 13:55:01.556 [main] CloseStep - Closed browser window......
